[1;35m04-03 19:46:54[0;39m [[1;33mINFO [0;39m] [36mo.h.v.i.u.Version.<clinit>[0;39m - HV000001: Hibernate Validator 8.0.1.Final 
[1;35m04-03 19:46:54[0;39m [[1;33mINFO [0;39m] [36mc.e.a.AirbnbBackEndApplication.logStarting[0;39m - Starting AirbnbBackEndApplication using Java 17.0.9 with PID 25152 (C:\airbnb-back-end\build\classes\java\main started by rkdxh in C:\airbnb-back-end) 
[1;35m04-03 19:46:54[0;39m [[1;33mINFO [0;39m] [36mc.e.a.AirbnbBackEndApplication.logStartupProfileInfo[0;39m - No active profile set, falling back to 1 default profile: "default" 
[1;35m04-03 19:46:54[0;39m [[1;33mINFO [0;39m] [36mo.s.d.r.c.RepositoryConfigurationDelegate.registerRepositoriesIn[0;39m - Bootstrapping Spring Data JPA repositories in DEFAULT mode. 
[1;35m04-03 19:46:54[0;39m [[1;33mINFO [0;39m] [36mo.s.d.r.c.RepositoryConfigurationDelegate.registerRepositoriesIn[0;39m - Finished Spring Data repository scanning in 39 ms. Found 4 JPA repository interfaces. 
[1;35m04-03 19:46:55[0;39m [[1;33mINFO [0;39m] [36mo.s.b.w.e.t.TomcatWebServer.initialize[0;39m - Tomcat initialized with port 8080 (http) 
[1;35m04-03 19:46:55[0;39m [[1;33mINFO [0;39m] [36mo.a.c.h.Http11NioProtocol.log[0;39m - Initializing ProtocolHandler ["http-nio-8080"] 
[1;35m04-03 19:46:55[0;39m [[1;33mINFO [0;39m] [36mo.a.c.c.StandardService.log[0;39m - Starting service [Tomcat] 
[1;35m04-03 19:46:55[0;39m [[1;33mINFO [0;39m] [36mo.a.c.c.StandardEngine.log[0;39m - Starting Servlet engine: [Apache Tomcat/10.1.19] 
[1;35m04-03 19:46:55[0;39m [[1;33mINFO [0;39m] [36mo.a.c.c.C.[.[.[/].log[0;39m - Initializing Spring embedded WebApplicationContext 
[1;35m04-03 19:46:55[0;39m [[1;33mINFO [0;39m] [36mo.s.b.w.s.c.ServletWebServerApplicationContext.prepareWebApplicationContext[0;39m - Root WebApplicationContext: initialization completed in 1104 ms 
[1;35m04-03 19:46:55[0;39m [[1;33mINFO [0;39m] [36mo.h.j.i.u.LogHelper.logPersistenceUnitInformation[0;39m - HHH000204: Processing PersistenceUnitInfo [name: default] 
[1;35m04-03 19:46:55[0;39m [[1;33mINFO [0;39m] [36mo.h.Version.logVersion[0;39m - HHH000412: Hibernate ORM core version 6.4.4.Final 
[1;35m04-03 19:46:55[0;39m [[1;33mINFO [0;39m] [36mo.h.c.i.RegionFactoryInitiator.initiateService[0;39m - HHH000026: Second-level cache disabled 
[1;35m04-03 19:46:55[0;39m [[1;33mINFO [0;39m] [36mo.s.o.j.p.SpringPersistenceUnitInfo.addTransformer[0;39m - No LoadTimeWeaver setup: ignoring JPA class transformer 
[1;35m04-03 19:46:55[0;39m [[1;33mINFO [0;39m] [36mc.z.h.HikariDataSource.getConnection[0;39m - HikariPool-1 - Starting... 
[1;35m04-03 19:46:55[0;39m [[1;33mINFO [0;39m] [36mc.z.h.p.HikariPool.checkFailFast[0;39m - HikariPool-1 - Added connection com.mysql.cj.jdbc.ConnectionImpl@608b35fa 
[1;35m04-03 19:46:55[0;39m [[1;33mINFO [0;39m] [36mc.z.h.HikariDataSource.getConnection[0;39m - HikariPool-1 - Start completed. 
[1;35m04-03 19:46:56[0;39m [[1;33mINFO [0;39m] [36mo.h.e.t.j.p.i.JtaPlatformInitiator.initiateService[0;39m - HHH000489: No JTA platform available (set 'hibernate.transaction.jta.platform' to enable JTA platform integration) 
[1;35m04-03 19:46:57[0;39m [[1;33mINFO [0;39m] [36mo.s.o.j.LocalContainerEntityManagerFactoryBean.buildNativeEntityManagerFactory[0;39m - Initialized JPA EntityManagerFactory for persistence unit 'default' 
[1;35m04-03 19:46:58[0;39m [[1;33mWARN [0;39m] [36mo.s.b.a.o.j.JpaBaseConfiguration$JpaWebConfiguration.openEntityManagerInViewInterceptor[0;39m - spring.jpa.open-in-view is enabled by default. Therefore, database queries may be performed during view rendering. Explicitly configure spring.jpa.open-in-view to disable this warning 
[1;35m04-03 19:46:58[0;39m [[1;33mINFO [0;39m] [36mo.a.c.h.Http11NioProtocol.log[0;39m - Starting ProtocolHandler ["http-nio-8080"] 
[1;35m04-03 19:46:58[0;39m [[1;33mINFO [0;39m] [36mo.s.b.w.e.t.TomcatWebServer.start[0;39m - Tomcat started on port 8080 (http) with context path '' 
[1;35m04-03 19:46:58[0;39m [[1;33mINFO [0;39m] [36mc.e.a.AirbnbBackEndApplication.logStarted[0;39m - Started AirbnbBackEndApplication in 4.727 seconds (process running for 5.349) 
[1;35m04-03 19:48:22[0;39m [[1;33mINFO [0;39m] [36mo.a.c.c.C.[.[.[/].log[0;39m - Initializing Spring DispatcherServlet 'dispatcherServlet' 
[1;35m04-03 19:48:22[0;39m [[1;33mINFO [0;39m] [36mo.s.w.s.DispatcherServlet.initServletBean[0;39m - Initializing Servlet 'dispatcherServlet' 
[1;35m04-03 19:48:22[0;39m [[1;33mINFO [0;39m] [36mo.s.w.s.DispatcherServlet.initServletBean[0;39m - Completed initialization in 0 ms 
[1;35m04-03 19:49:40[0;39m [[1;33mINFO [0;39m] [36mo.s.o.j.LocalContainerEntityManagerFactoryBean.destroy[0;39m - Closing JPA EntityManagerFactory for persistence unit 'default' 
[1;35m04-03 19:49:40[0;39m [[1;33mINFO [0;39m] [36mc.z.h.HikariDataSource.close[0;39m - HikariPool-1 - Shutdown initiated... 
[1;35m04-03 19:49:40[0;39m [[1;33mINFO [0;39m] [36mc.z.h.HikariDataSource.close[0;39m - HikariPool-1 - Shutdown completed. 
[1;35m04-03 19:49:44[0;39m [[1;33mINFO [0;39m] [36mc.e.a.AirbnbBackEndApplication.logStarting[0;39m - Starting AirbnbBackEndApplication using Java 17.0.9 with PID 11728 (C:\airbnb-back-end\build\classes\java\main started by rkdxh in C:\airbnb-back-end) 
[1;35m04-03 19:49:44[0;39m [[1;33mINFO [0;39m] [36mc.e.a.AirbnbBackEndApplication.logStartupProfileInfo[0;39m - No active profile set, falling back to 1 default profile: "default" 
[1;35m04-03 19:49:44[0;39m [[1;33mINFO [0;39m] [36mo.s.d.r.c.RepositoryConfigurationDelegate.registerRepositoriesIn[0;39m - Bootstrapping Spring Data JPA repositories in DEFAULT mode. 
[1;35m04-03 19:49:44[0;39m [[1;33mINFO [0;39m] [36mo.s.d.r.c.RepositoryConfigurationDelegate.registerRepositoriesIn[0;39m - Finished Spring Data repository scanning in 42 ms. Found 4 JPA repository interfaces. 
[1;35m04-03 19:49:45[0;39m [[1;33mINFO [0;39m] [36mo.s.b.w.e.t.TomcatWebServer.initialize[0;39m - Tomcat initialized with port 8080 (http) 
[1;35m04-03 19:49:45[0;39m [[1;33mINFO [0;39m] [36mo.a.c.h.Http11NioProtocol.log[0;39m - Initializing ProtocolHandler ["http-nio-8080"] 
[1;35m04-03 19:49:45[0;39m [[1;33mINFO [0;39m] [36mo.a.c.c.StandardService.log[0;39m - Starting service [Tomcat] 
[1;35m04-03 19:49:45[0;39m [[1;33mINFO [0;39m] [36mo.a.c.c.StandardEngine.log[0;39m - Starting Servlet engine: [Apache Tomcat/10.1.19] 
[1;35m04-03 19:49:45[0;39m [[1;33mINFO [0;39m] [36mo.a.c.c.C.[.[.[/].log[0;39m - Initializing Spring embedded WebApplicationContext 
[1;35m04-03 19:49:45[0;39m [[1;33mINFO [0;39m] [36mo.s.b.w.s.c.ServletWebServerApplicationContext.prepareWebApplicationContext[0;39m - Root WebApplicationContext: initialization completed in 986 ms 
[1;35m04-03 19:49:45[0;39m [[1;33mINFO [0;39m] [36mo.h.j.i.u.LogHelper.logPersistenceUnitInformation[0;39m - HHH000204: Processing PersistenceUnitInfo [name: default] 
[1;35m04-03 19:49:45[0;39m [[1;33mINFO [0;39m] [36mo.h.Version.logVersion[0;39m - HHH000412: Hibernate ORM core version 6.4.4.Final 
[1;35m04-03 19:49:45[0;39m [[1;33mINFO [0;39m] [36mo.h.c.i.RegionFactoryInitiator.initiateService[0;39m - HHH000026: Second-level cache disabled 
[1;35m04-03 19:49:45[0;39m [[1;33mINFO [0;39m] [36mo.s.o.j.p.SpringPersistenceUnitInfo.addTransformer[0;39m - No LoadTimeWeaver setup: ignoring JPA class transformer 
[1;35m04-03 19:49:45[0;39m [[1;33mINFO [0;39m] [36mc.z.h.HikariDataSource.getConnection[0;39m - HikariPool-1 - Starting... 
[1;35m04-03 19:49:45[0;39m [[1;33mINFO [0;39m] [36mc.z.h.p.HikariPool.checkFailFast[0;39m - HikariPool-1 - Added connection com.mysql.cj.jdbc.ConnectionImpl@7645e64 
[1;35m04-03 19:49:45[0;39m [[1;33mINFO [0;39m] [36mc.z.h.HikariDataSource.getConnection[0;39m - HikariPool-1 - Start completed. 
[1;35m04-03 19:49:46[0;39m [[1;33mINFO [0;39m] [36mo.h.e.t.j.p.i.JtaPlatformInitiator.initiateService[0;39m - HHH000489: No JTA platform available (set 'hibernate.transaction.jta.platform' to enable JTA platform integration) 
[1;35m04-03 19:49:47[0;39m [[1;33mINFO [0;39m] [36mo.s.o.j.LocalContainerEntityManagerFactoryBean.buildNativeEntityManagerFactory[0;39m - Initialized JPA EntityManagerFactory for persistence unit 'default' 
[1;35m04-03 19:49:47[0;39m [[1;33mWARN [0;39m] [36mo.s.b.a.o.j.JpaBaseConfiguration$JpaWebConfiguration.openEntityManagerInViewInterceptor[0;39m - spring.jpa.open-in-view is enabled by default. Therefore, database queries may be performed during view rendering. Explicitly configure spring.jpa.open-in-view to disable this warning 
[1;35m04-03 19:49:48[0;39m [[1;33mINFO [0;39m] [36mo.a.c.h.Http11NioProtocol.log[0;39m - Starting ProtocolHandler ["http-nio-8080"] 
[1;35m04-03 19:49:48[0;39m [[1;33mINFO [0;39m] [36mo.s.b.w.e.t.TomcatWebServer.start[0;39m - Tomcat started on port 8080 (http) with context path '' 
[1;35m04-03 19:49:48[0;39m [[1;33mINFO [0;39m] [36mc.e.a.AirbnbBackEndApplication.logStarted[0;39m - Started AirbnbBackEndApplication in 4.121 seconds (process running for 4.593) 
[1;35m04-03 19:49:57[0;39m [[1;33mINFO [0;39m] [36mo.a.c.c.C.[.[.[/].log[0;39m - Initializing Spring DispatcherServlet 'dispatcherServlet' 
[1;35m04-03 19:49:57[0;39m [[1;33mINFO [0;39m] [36mo.s.w.s.DispatcherServlet.initServletBean[0;39m - Initializing Servlet 'dispatcherServlet' 
[1;35m04-03 19:49:57[0;39m [[1;33mINFO [0;39m] [36mo.s.w.s.DispatcherServlet.initServletBean[0;39m - Completed initialization in 1 ms 
[1;35m04-03 19:49:57[0;39m [[1;33mERROR[0;39m] [36mc.e.a.e.CustomExceptionHandler.handleException[0;39m - Advice 내 HandleException 호출, /api/home/1, getRuntimeException 메서드 호출 
[1;35m04-03 19:53:57[0;39m [[1;33mINFO [0;39m] [36mo.s.o.j.LocalContainerEntityManagerFactoryBean.destroy[0;39m - Closing JPA EntityManagerFactory for persistence unit 'default' 
[1;35m04-03 19:53:57[0;39m [[1;33mINFO [0;39m] [36mc.z.h.HikariDataSource.close[0;39m - HikariPool-1 - Shutdown initiated... 
[1;35m04-03 19:53:57[0;39m [[1;33mINFO [0;39m] [36mc.z.h.HikariDataSource.close[0;39m - HikariPool-1 - Shutdown completed. 
[1;35m04-03 19:54:00[0;39m [[1;33mINFO [0;39m] [36mc.e.a.AirbnbBackEndApplication.logStarting[0;39m - Starting AirbnbBackEndApplication using Java 17.0.9 with PID 13284 (C:\airbnb-back-end\build\classes\java\main started by rkdxh in C:\airbnb-back-end) 
[1;35m04-03 19:54:00[0;39m [[1;33mINFO [0;39m] [36mc.e.a.AirbnbBackEndApplication.logStartupProfileInfo[0;39m - No active profile set, falling back to 1 default profile: "default" 
[1;35m04-03 19:54:01[0;39m [[1;33mINFO [0;39m] [36mo.s.d.r.c.RepositoryConfigurationDelegate.registerRepositoriesIn[0;39m - Bootstrapping Spring Data JPA repositories in DEFAULT mode. 
[1;35m04-03 19:54:01[0;39m [[1;33mINFO [0;39m] [36mo.s.d.r.c.RepositoryConfigurationDelegate.registerRepositoriesIn[0;39m - Finished Spring Data repository scanning in 39 ms. Found 4 JPA repository interfaces. 
[1;35m04-03 19:54:01[0;39m [[1;33mINFO [0;39m] [36mo.s.b.w.e.t.TomcatWebServer.initialize[0;39m - Tomcat initialized with port 8080 (http) 
[1;35m04-03 19:54:01[0;39m [[1;33mINFO [0;39m] [36mo.a.c.h.Http11NioProtocol.log[0;39m - Initializing ProtocolHandler ["http-nio-8080"] 
[1;35m04-03 19:54:01[0;39m [[1;33mINFO [0;39m] [36mo.a.c.c.StandardService.log[0;39m - Starting service [Tomcat] 
[1;35m04-03 19:54:01[0;39m [[1;33mINFO [0;39m] [36mo.a.c.c.StandardEngine.log[0;39m - Starting Servlet engine: [Apache Tomcat/10.1.19] 
[1;35m04-03 19:54:01[0;39m [[1;33mINFO [0;39m] [36mo.a.c.c.C.[.[.[/].log[0;39m - Initializing Spring embedded WebApplicationContext 
[1;35m04-03 19:54:01[0;39m [[1;33mINFO [0;39m] [36mo.s.b.w.s.c.ServletWebServerApplicationContext.prepareWebApplicationContext[0;39m - Root WebApplicationContext: initialization completed in 942 ms 
[1;35m04-03 19:54:02[0;39m [[1;33mINFO [0;39m] [36mo.h.j.i.u.LogHelper.logPersistenceUnitInformation[0;39m - HHH000204: Processing PersistenceUnitInfo [name: default] 
[1;35m04-03 19:54:02[0;39m [[1;33mINFO [0;39m] [36mo.h.Version.logVersion[0;39m - HHH000412: Hibernate ORM core version 6.4.4.Final 
[1;35m04-03 19:54:02[0;39m [[1;33mINFO [0;39m] [36mo.h.c.i.RegionFactoryInitiator.initiateService[0;39m - HHH000026: Second-level cache disabled 
[1;35m04-03 19:54:02[0;39m [[1;33mINFO [0;39m] [36mo.s.o.j.p.SpringPersistenceUnitInfo.addTransformer[0;39m - No LoadTimeWeaver setup: ignoring JPA class transformer 
[1;35m04-03 19:54:02[0;39m [[1;33mINFO [0;39m] [36mc.z.h.HikariDataSource.getConnection[0;39m - HikariPool-1 - Starting... 
[1;35m04-03 19:54:02[0;39m [[1;33mINFO [0;39m] [36mc.z.h.p.HikariPool.checkFailFast[0;39m - HikariPool-1 - Added connection com.mysql.cj.jdbc.ConnectionImpl@2987d0fa 
[1;35m04-03 19:54:02[0;39m [[1;33mINFO [0;39m] [36mc.z.h.HikariDataSource.getConnection[0;39m - HikariPool-1 - Start completed. 
[1;35m04-03 19:54:02[0;39m [[1;33mINFO [0;39m] [36mo.h.e.t.j.p.i.JtaPlatformInitiator.initiateService[0;39m - HHH000489: No JTA platform available (set 'hibernate.transaction.jta.platform' to enable JTA platform integration) 
[1;35m04-03 19:54:03[0;39m [[1;33mINFO [0;39m] [36mo.s.o.j.LocalContainerEntityManagerFactoryBean.buildNativeEntityManagerFactory[0;39m - Initialized JPA EntityManagerFactory for persistence unit 'default' 
[1;35m04-03 19:54:04[0;39m [[1;33mWARN [0;39m] [36mo.s.b.a.o.j.JpaBaseConfiguration$JpaWebConfiguration.openEntityManagerInViewInterceptor[0;39m - spring.jpa.open-in-view is enabled by default. Therefore, database queries may be performed during view rendering. Explicitly configure spring.jpa.open-in-view to disable this warning 
[1;35m04-03 19:54:04[0;39m [[1;33mINFO [0;39m] [36mo.a.c.h.Http11NioProtocol.log[0;39m - Starting ProtocolHandler ["http-nio-8080"] 
[1;35m04-03 19:54:04[0;39m [[1;33mINFO [0;39m] [36mo.s.b.w.e.t.TomcatWebServer.start[0;39m - Tomcat started on port 8080 (http) with context path '' 
[1;35m04-03 19:54:04[0;39m [[1;33mINFO [0;39m] [36mc.e.a.AirbnbBackEndApplication.logStarted[0;39m - Started AirbnbBackEndApplication in 4.078 seconds (process running for 4.532) 
[1;35m04-03 19:54:32[0;39m [[1;33mINFO [0;39m] [36mo.a.c.c.C.[.[.[/].log[0;39m - Initializing Spring DispatcherServlet 'dispatcherServlet' 
[1;35m04-03 19:54:32[0;39m [[1;33mINFO [0;39m] [36mo.s.w.s.DispatcherServlet.initServletBean[0;39m - Initializing Servlet 'dispatcherServlet' 
[1;35m04-03 19:54:32[0;39m [[1;33mINFO [0;39m] [36mo.s.w.s.DispatcherServlet.initServletBean[0;39m - Completed initialization in 1 ms 
[1;35m04-03 19:56:41[0;39m [[1;33mINFO [0;39m] [36mo.s.o.j.LocalContainerEntityManagerFactoryBean.destroy[0;39m - Closing JPA EntityManagerFactory for persistence unit 'default' 
[1;35m04-03 19:56:41[0;39m [[1;33mINFO [0;39m] [36mc.z.h.HikariDataSource.close[0;39m - HikariPool-1 - Shutdown initiated... 
[1;35m04-03 19:56:41[0;39m [[1;33mINFO [0;39m] [36mc.z.h.HikariDataSource.close[0;39m - HikariPool-1 - Shutdown completed. 
[1;35m04-03 19:56:44[0;39m [[1;33mINFO [0;39m] [36mc.e.a.AirbnbBackEndApplication.logStarting[0;39m - Starting AirbnbBackEndApplication using Java 17.0.9 with PID 16516 (C:\airbnb-back-end\build\classes\java\main started by rkdxh in C:\airbnb-back-end) 
[1;35m04-03 19:56:44[0;39m [[1;33mINFO [0;39m] [36mc.e.a.AirbnbBackEndApplication.logStartupProfileInfo[0;39m - No active profile set, falling back to 1 default profile: "default" 
[1;35m04-03 19:56:45[0;39m [[1;33mINFO [0;39m] [36mo.s.d.r.c.RepositoryConfigurationDelegate.registerRepositoriesIn[0;39m - Bootstrapping Spring Data JPA repositories in DEFAULT mode. 
[1;35m04-03 19:56:45[0;39m [[1;33mINFO [0;39m] [36mo.s.d.r.c.RepositoryConfigurationDelegate.registerRepositoriesIn[0;39m - Finished Spring Data repository scanning in 36 ms. Found 4 JPA repository interfaces. 
[1;35m04-03 19:56:45[0;39m [[1;33mINFO [0;39m] [36mo.s.b.w.e.t.TomcatWebServer.initialize[0;39m - Tomcat initialized with port 8080 (http) 
[1;35m04-03 19:56:45[0;39m [[1;33mINFO [0;39m] [36mo.a.c.h.Http11NioProtocol.log[0;39m - Initializing ProtocolHandler ["http-nio-8080"] 
[1;35m04-03 19:56:45[0;39m [[1;33mINFO [0;39m] [36mo.a.c.c.StandardService.log[0;39m - Starting service [Tomcat] 
[1;35m04-03 19:56:45[0;39m [[1;33mINFO [0;39m] [36mo.a.c.c.StandardEngine.log[0;39m - Starting Servlet engine: [Apache Tomcat/10.1.19] 
[1;35m04-03 19:56:45[0;39m [[1;33mINFO [0;39m] [36mo.a.c.c.C.[.[.[/].log[0;39m - Initializing Spring embedded WebApplicationContext 
[1;35m04-03 19:56:45[0;39m [[1;33mINFO [0;39m] [36mo.s.b.w.s.c.ServletWebServerApplicationContext.prepareWebApplicationContext[0;39m - Root WebApplicationContext: initialization completed in 947 ms 
[1;35m04-03 19:56:45[0;39m [[1;33mINFO [0;39m] [36mo.h.j.i.u.LogHelper.logPersistenceUnitInformation[0;39m - HHH000204: Processing PersistenceUnitInfo [name: default] 
[1;35m04-03 19:56:45[0;39m [[1;33mINFO [0;39m] [36mo.h.Version.logVersion[0;39m - HHH000412: Hibernate ORM core version 6.4.4.Final 
[1;35m04-03 19:56:45[0;39m [[1;33mINFO [0;39m] [36mo.h.c.i.RegionFactoryInitiator.initiateService[0;39m - HHH000026: Second-level cache disabled 
[1;35m04-03 19:56:45[0;39m [[1;33mINFO [0;39m] [36mo.s.o.j.p.SpringPersistenceUnitInfo.addTransformer[0;39m - No LoadTimeWeaver setup: ignoring JPA class transformer 
[1;35m04-03 19:56:46[0;39m [[1;33mINFO [0;39m] [36mc.z.h.HikariDataSource.getConnection[0;39m - HikariPool-1 - Starting... 
[1;35m04-03 19:56:46[0;39m [[1;33mINFO [0;39m] [36mc.z.h.p.HikariPool.checkFailFast[0;39m - HikariPool-1 - Added connection com.mysql.cj.jdbc.ConnectionImpl@42ff9a77 
[1;35m04-03 19:56:46[0;39m [[1;33mINFO [0;39m] [36mc.z.h.HikariDataSource.getConnection[0;39m - HikariPool-1 - Start completed. 
[1;35m04-03 19:56:46[0;39m [[1;33mINFO [0;39m] [36mo.h.e.t.j.p.i.JtaPlatformInitiator.initiateService[0;39m - HHH000489: No JTA platform available (set 'hibernate.transaction.jta.platform' to enable JTA platform integration) 
[1;35m04-03 19:56:47[0;39m [[1;33mINFO [0;39m] [36mo.s.o.j.LocalContainerEntityManagerFactoryBean.buildNativeEntityManagerFactory[0;39m - Initialized JPA EntityManagerFactory for persistence unit 'default' 
[1;35m04-03 19:56:47[0;39m [[1;33mWARN [0;39m] [36mo.s.b.a.o.j.JpaBaseConfiguration$JpaWebConfiguration.openEntityManagerInViewInterceptor[0;39m - spring.jpa.open-in-view is enabled by default. Therefore, database queries may be performed during view rendering. Explicitly configure spring.jpa.open-in-view to disable this warning 
[1;35m04-03 19:56:48[0;39m [[1;33mINFO [0;39m] [36mo.a.c.h.Http11NioProtocol.log[0;39m - Starting ProtocolHandler ["http-nio-8080"] 
[1;35m04-03 19:56:48[0;39m [[1;33mINFO [0;39m] [36mo.s.b.w.e.t.TomcatWebServer.start[0;39m - Tomcat started on port 8080 (http) with context path '' 
[1;35m04-03 19:56:48[0;39m [[1;33mINFO [0;39m] [36mc.e.a.AirbnbBackEndApplication.logStarted[0;39m - Started AirbnbBackEndApplication in 3.952 seconds (process running for 4.415) 
[1;35m04-03 19:57:04[0;39m [[1;33mINFO [0;39m] [36mo.a.c.c.C.[.[.[/].log[0;39m - Initializing Spring DispatcherServlet 'dispatcherServlet' 
[1;35m04-03 19:57:04[0;39m [[1;33mINFO [0;39m] [36mo.s.w.s.DispatcherServlet.initServletBean[0;39m - Initializing Servlet 'dispatcherServlet' 
[1;35m04-03 19:57:04[0;39m [[1;33mINFO [0;39m] [36mo.s.w.s.DispatcherServlet.initServletBean[0;39m - Completed initialization in 1 ms 
[1;35m04-03 19:57:07[0;39m [[1;33mERROR[0;39m] [36mc.e.a.c.HomeController.getEachRoomItems[0;39m - 카테고리Id: 100에 맞는 방을 찾을 수 없습니다. 
[1;35m04-03 19:57:07[0;39m [[1;33mERROR[0;39m] [36mc.e.a.e.CustomExceptionHandler.handleException[0;39m - Advice 내 HandleException 호출, /api/home/100, 카테고리Id: 100에 맞는 방을 찾을 수 없습니다. 
[1;35m04-03 20:03:33[0;39m [[1;33mINFO [0;39m] [36mo.s.o.j.LocalContainerEntityManagerFactoryBean.destroy[0;39m - Closing JPA EntityManagerFactory for persistence unit 'default' 
[1;35m04-03 20:03:33[0;39m [[1;33mINFO [0;39m] [36mc.z.h.HikariDataSource.close[0;39m - HikariPool-1 - Shutdown initiated... 
[1;35m04-03 20:03:33[0;39m [[1;33mINFO [0;39m] [36mc.z.h.HikariDataSource.close[0;39m - HikariPool-1 - Shutdown completed. 
[1;35m04-03 20:03:37[0;39m [[1;33mINFO [0;39m] [36mc.e.a.AirbnbBackEndApplication.logStarting[0;39m - Starting AirbnbBackEndApplication using Java 17.0.9 with PID 24336 (C:\airbnb-back-end\build\classes\java\main started by rkdxh in C:\airbnb-back-end) 
[1;35m04-03 20:03:37[0;39m [[1;33mINFO [0;39m] [36mc.e.a.AirbnbBackEndApplication.logStartupProfileInfo[0;39m - No active profile set, falling back to 1 default profile: "default" 
[1;35m04-03 20:03:37[0;39m [[1;33mINFO [0;39m] [36mo.s.d.r.c.RepositoryConfigurationDelegate.registerRepositoriesIn[0;39m - Bootstrapping Spring Data JPA repositories in DEFAULT mode. 
[1;35m04-03 20:03:37[0;39m [[1;33mINFO [0;39m] [36mo.s.d.r.c.RepositoryConfigurationDelegate.registerRepositoriesIn[0;39m - Finished Spring Data repository scanning in 40 ms. Found 4 JPA repository interfaces. 
[1;35m04-03 20:03:38[0;39m [[1;33mINFO [0;39m] [36mo.s.b.w.e.t.TomcatWebServer.initialize[0;39m - Tomcat initialized with port 8080 (http) 
[1;35m04-03 20:03:38[0;39m [[1;33mINFO [0;39m] [36mo.a.c.h.Http11NioProtocol.log[0;39m - Initializing ProtocolHandler ["http-nio-8080"] 
[1;35m04-03 20:03:38[0;39m [[1;33mINFO [0;39m] [36mo.a.c.c.StandardService.log[0;39m - Starting service [Tomcat] 
[1;35m04-03 20:03:38[0;39m [[1;33mINFO [0;39m] [36mo.a.c.c.StandardEngine.log[0;39m - Starting Servlet engine: [Apache Tomcat/10.1.19] 
[1;35m04-03 20:03:38[0;39m [[1;33mINFO [0;39m] [36mo.a.c.c.C.[.[.[/].log[0;39m - Initializing Spring embedded WebApplicationContext 
[1;35m04-03 20:03:38[0;39m [[1;33mINFO [0;39m] [36mo.s.b.w.s.c.ServletWebServerApplicationContext.prepareWebApplicationContext[0;39m - Root WebApplicationContext: initialization completed in 950 ms 
[1;35m04-03 20:03:38[0;39m [[1;33mINFO [0;39m] [36mo.h.j.i.u.LogHelper.logPersistenceUnitInformation[0;39m - HHH000204: Processing PersistenceUnitInfo [name: default] 
[1;35m04-03 20:03:38[0;39m [[1;33mINFO [0;39m] [36mo.h.Version.logVersion[0;39m - HHH000412: Hibernate ORM core version 6.4.4.Final 
[1;35m04-03 20:03:38[0;39m [[1;33mINFO [0;39m] [36mo.h.c.i.RegionFactoryInitiator.initiateService[0;39m - HHH000026: Second-level cache disabled 
[1;35m04-03 20:03:38[0;39m [[1;33mINFO [0;39m] [36mo.s.o.j.p.SpringPersistenceUnitInfo.addTransformer[0;39m - No LoadTimeWeaver setup: ignoring JPA class transformer 
[1;35m04-03 20:03:38[0;39m [[1;33mINFO [0;39m] [36mc.z.h.HikariDataSource.getConnection[0;39m - HikariPool-1 - Starting... 
[1;35m04-03 20:03:38[0;39m [[1;33mINFO [0;39m] [36mc.z.h.p.HikariPool.checkFailFast[0;39m - HikariPool-1 - Added connection com.mysql.cj.jdbc.ConnectionImpl@6cd2cb2 
[1;35m04-03 20:03:38[0;39m [[1;33mINFO [0;39m] [36mc.z.h.HikariDataSource.getConnection[0;39m - HikariPool-1 - Start completed. 
[1;35m04-03 20:03:39[0;39m [[1;33mINFO [0;39m] [36mo.h.e.t.j.p.i.JtaPlatformInitiator.initiateService[0;39m - HHH000489: No JTA platform available (set 'hibernate.transaction.jta.platform' to enable JTA platform integration) 
[1;35m04-03 20:03:40[0;39m [[1;33mINFO [0;39m] [36mo.s.o.j.LocalContainerEntityManagerFactoryBean.buildNativeEntityManagerFactory[0;39m - Initialized JPA EntityManagerFactory for persistence unit 'default' 
[1;35m04-03 20:03:40[0;39m [[1;33mWARN [0;39m] [36mo.s.b.a.o.j.JpaBaseConfiguration$JpaWebConfiguration.openEntityManagerInViewInterceptor[0;39m - spring.jpa.open-in-view is enabled by default. Therefore, database queries may be performed during view rendering. Explicitly configure spring.jpa.open-in-view to disable this warning 
[1;35m04-03 20:03:40[0;39m [[1;33mINFO [0;39m] [36mo.a.c.h.Http11NioProtocol.log[0;39m - Starting ProtocolHandler ["http-nio-8080"] 
[1;35m04-03 20:03:40[0;39m [[1;33mINFO [0;39m] [36mo.s.b.w.e.t.TomcatWebServer.start[0;39m - Tomcat started on port 8080 (http) with context path '' 
[1;35m04-03 20:03:40[0;39m [[1;33mINFO [0;39m] [36mc.e.a.AirbnbBackEndApplication.logStarted[0;39m - Started AirbnbBackEndApplication in 4.047 seconds (process running for 4.496) 
[1;35m04-03 20:03:57[0;39m [[1;33mINFO [0;39m] [36mo.a.c.c.C.[.[.[/].log[0;39m - Initializing Spring DispatcherServlet 'dispatcherServlet' 
[1;35m04-03 20:03:57[0;39m [[1;33mINFO [0;39m] [36mo.s.w.s.DispatcherServlet.initServletBean[0;39m - Initializing Servlet 'dispatcherServlet' 
[1;35m04-03 20:03:57[0;39m [[1;33mINFO [0;39m] [36mo.s.w.s.DispatcherServlet.initServletBean[0;39m - Completed initialization in 1 ms 
[1;35m04-03 20:03:57[0;39m [[1;33mERROR[0;39m] [36mc.e.a.c.HomeController.getEachRoomItems[0;39m - 카테고리Id: 100에 맞는 방을 찾을 수 없습니다. 
[1;35m04-03 20:03:57[0;39m [[1;33mERROR[0;39m] [36mc.e.a.e.CustomExceptionHandler.handleNotFoundException[0;39m - Advice 내 HandleException 호출, /api/home/100, 카테고리Id: 100에 맞는 방을 찾을 수 없습니다. 
[1;35m04-03 20:04:41[0;39m [[1;33mERROR[0;39m] [36mc.e.a.c.HomeController.getEachRoomItems[0;39m - 카테고리Id: 100에 맞는 방을 찾을 수 없습니다. 
[1;35m04-03 20:04:41[0;39m [[1;33mERROR[0;39m] [36mc.e.a.e.CustomExceptionHandler.handleNotFoundException[0;39m - Advice 내 HandleException 호출, /api/home/100, 카테고리Id: 100에 맞는 방을 찾을 수 없습니다. 
[1;35m04-03 21:16:53[0;39m [[1;33mINFO [0;39m] [36mo.s.o.j.LocalContainerEntityManagerFactoryBean.destroy[0;39m - Closing JPA EntityManagerFactory for persistence unit 'default' 
[1;35m04-03 21:16:53[0;39m [[1;33mINFO [0;39m] [36mc.z.h.HikariDataSource.close[0;39m - HikariPool-1 - Shutdown initiated... 
[1;35m04-03 21:16:53[0;39m [[1;33mINFO [0;39m] [36mc.z.h.HikariDataSource.close[0;39m - HikariPool-1 - Shutdown completed. 
[1;35m04-03 21:18:22[0;39m [[1;33mINFO [0;39m] [36mc.e.a.AirbnbBackEndApplication.logStarting[0;39m - Starting AirbnbBackEndApplication using Java 17.0.9 with PID 9140 (C:\airbnb-back-end\build\classes\java\main started by rkdxh in C:\airbnb-back-end) 
[1;35m04-03 21:18:22[0;39m [[1;33mINFO [0;39m] [36mc.e.a.AirbnbBackEndApplication.logStartupProfileInfo[0;39m - No active profile set, falling back to 1 default profile: "default" 
[1;35m04-03 21:18:22[0;39m [[1;33mINFO [0;39m] [36mo.s.d.r.c.RepositoryConfigurationDelegate.registerRepositoriesIn[0;39m - Bootstrapping Spring Data JPA repositories in DEFAULT mode. 
[1;35m04-03 21:18:22[0;39m [[1;33mINFO [0;39m] [36mo.s.d.r.c.RepositoryConfigurationDelegate.registerRepositoriesIn[0;39m - Finished Spring Data repository scanning in 39 ms. Found 4 JPA repository interfaces. 
[1;35m04-03 21:18:23[0;39m [[1;33mINFO [0;39m] [36mo.s.b.w.e.t.TomcatWebServer.initialize[0;39m - Tomcat initialized with port 8080 (http) 
[1;35m04-03 21:18:23[0;39m [[1;33mINFO [0;39m] [36mo.a.c.h.Http11NioProtocol.log[0;39m - Initializing ProtocolHandler ["http-nio-8080"] 
[1;35m04-03 21:18:23[0;39m [[1;33mINFO [0;39m] [36mo.a.c.c.StandardService.log[0;39m - Starting service [Tomcat] 
[1;35m04-03 21:18:23[0;39m [[1;33mINFO [0;39m] [36mo.a.c.c.StandardEngine.log[0;39m - Starting Servlet engine: [Apache Tomcat/10.1.19] 
[1;35m04-03 21:18:23[0;39m [[1;33mINFO [0;39m] [36mo.a.c.c.C.[.[.[/].log[0;39m - Initializing Spring embedded WebApplicationContext 
[1;35m04-03 21:18:23[0;39m [[1;33mINFO [0;39m] [36mo.s.b.w.s.c.ServletWebServerApplicationContext.prepareWebApplicationContext[0;39m - Root WebApplicationContext: initialization completed in 933 ms 
[1;35m04-03 21:18:23[0;39m [[1;33mINFO [0;39m] [36mo.h.j.i.u.LogHelper.logPersistenceUnitInformation[0;39m - HHH000204: Processing PersistenceUnitInfo [name: default] 
[1;35m04-03 21:18:23[0;39m [[1;33mINFO [0;39m] [36mo.h.Version.logVersion[0;39m - HHH000412: Hibernate ORM core version 6.4.4.Final 
[1;35m04-03 21:18:23[0;39m [[1;33mINFO [0;39m] [36mo.h.c.i.RegionFactoryInitiator.initiateService[0;39m - HHH000026: Second-level cache disabled 
[1;35m04-03 21:18:23[0;39m [[1;33mINFO [0;39m] [36mo.s.o.j.p.SpringPersistenceUnitInfo.addTransformer[0;39m - No LoadTimeWeaver setup: ignoring JPA class transformer 
[1;35m04-03 21:18:23[0;39m [[1;33mINFO [0;39m] [36mc.z.h.HikariDataSource.getConnection[0;39m - HikariPool-1 - Starting... 
[1;35m04-03 21:18:23[0;39m [[1;33mINFO [0;39m] [36mc.z.h.p.HikariPool.checkFailFast[0;39m - HikariPool-1 - Added connection com.mysql.cj.jdbc.ConnectionImpl@6eaa6b0c 
[1;35m04-03 21:18:23[0;39m [[1;33mINFO [0;39m] [36mc.z.h.HikariDataSource.getConnection[0;39m - HikariPool-1 - Start completed. 
[1;35m04-03 21:18:24[0;39m [[1;33mINFO [0;39m] [36mo.h.e.t.j.p.i.JtaPlatformInitiator.initiateService[0;39m - HHH000489: No JTA platform available (set 'hibernate.transaction.jta.platform' to enable JTA platform integration) 
[1;35m04-03 21:18:25[0;39m [[1;33mINFO [0;39m] [36mo.s.o.j.LocalContainerEntityManagerFactoryBean.buildNativeEntityManagerFactory[0;39m - Initialized JPA EntityManagerFactory for persistence unit 'default' 
[1;35m04-03 21:18:25[0;39m [[1;33mWARN [0;39m] [36mo.s.b.a.o.j.JpaBaseConfiguration$JpaWebConfiguration.openEntityManagerInViewInterceptor[0;39m - spring.jpa.open-in-view is enabled by default. Therefore, database queries may be performed during view rendering. Explicitly configure spring.jpa.open-in-view to disable this warning 
[1;35m04-03 21:18:25[0;39m [[1;33mINFO [0;39m] [36mo.a.c.h.Http11NioProtocol.log[0;39m - Starting ProtocolHandler ["http-nio-8080"] 
[1;35m04-03 21:18:25[0;39m [[1;33mINFO [0;39m] [36mo.s.b.w.e.t.TomcatWebServer.start[0;39m - Tomcat started on port 8080 (http) with context path '' 
[1;35m04-03 21:18:25[0;39m [[1;33mINFO [0;39m] [36mc.e.a.AirbnbBackEndApplication.logStarted[0;39m - Started AirbnbBackEndApplication in 3.963 seconds (process running for 4.399) 
[1;35m04-03 21:18:41[0;39m [[1;33mINFO [0;39m] [36mo.a.c.c.C.[.[.[/].log[0;39m - Initializing Spring DispatcherServlet 'dispatcherServlet' 
[1;35m04-03 21:18:41[0;39m [[1;33mINFO [0;39m] [36mo.s.w.s.DispatcherServlet.initServletBean[0;39m - Initializing Servlet 'dispatcherServlet' 
[1;35m04-03 21:18:41[0;39m [[1;33mINFO [0;39m] [36mo.s.w.s.DispatcherServlet.initServletBean[0;39m - Completed initialization in 0 ms 
[1;35m04-03 21:18:41[0;39m [[1;33mERROR[0;39m] [36mc.e.a.c.HomeController.getEachRoomItems[0;39m - RoomCategory Exception. 카테고리Id: 100에 맞는 방을 찾을 수 없습니다. 
[1;35m04-03 21:18:41[0;39m [[1;33mERROR[0;39m] [36mc.e.a.c.e.CustomExceptionHandler.handleNotFoundException[0;39m - Advice 내 HandleException 호출, /api/home/100, RoomCategory Exception. RoomCategory Exception. 카테고리Id: 100에 맞는 방을 찾을 수 없습니다. 
[1;35m04-03 21:19:30[0;39m [[1;33mERROR[0;39m] [36mc.e.a.c.HomeController.getEachRoomItems[0;39m - RoomCategory Exception. 카테고리Id: 100에 맞는 방을 찾을 수 없습니다. 
[1;35m04-03 21:19:30[0;39m [[1;33mERROR[0;39m] [36mc.e.a.c.e.CustomExceptionHandler.handleNotFoundException[0;39m - Advice 내 HandleException 호출, /api/home/100, RoomCategory Exception. RoomCategory Exception. 카테고리Id: 100에 맞는 방을 찾을 수 없습니다. 
[1;35m04-03 21:20:39[0;39m [[1;33mINFO [0;39m] [36mo.s.o.j.LocalContainerEntityManagerFactoryBean.destroy[0;39m - Closing JPA EntityManagerFactory for persistence unit 'default' 
[1;35m04-03 21:20:39[0;39m [[1;33mINFO [0;39m] [36mc.z.h.HikariDataSource.close[0;39m - HikariPool-1 - Shutdown initiated... 
[1;35m04-03 21:20:39[0;39m [[1;33mINFO [0;39m] [36mc.z.h.HikariDataSource.close[0;39m - HikariPool-1 - Shutdown completed. 
[1;35m04-03 21:20:43[0;39m [[1;33mINFO [0;39m] [36mc.e.a.AirbnbBackEndApplication.logStarting[0;39m - Starting AirbnbBackEndApplication using Java 17.0.9 with PID 26356 (C:\airbnb-back-end\build\classes\java\main started by rkdxh in C:\airbnb-back-end) 
[1;35m04-03 21:20:43[0;39m [[1;33mINFO [0;39m] [36mc.e.a.AirbnbBackEndApplication.logStartupProfileInfo[0;39m - No active profile set, falling back to 1 default profile: "default" 
[1;35m04-03 21:20:43[0;39m [[1;33mINFO [0;39m] [36mo.s.d.r.c.RepositoryConfigurationDelegate.registerRepositoriesIn[0;39m - Bootstrapping Spring Data JPA repositories in DEFAULT mode. 
[1;35m04-03 21:20:43[0;39m [[1;33mINFO [0;39m] [36mo.s.d.r.c.RepositoryConfigurationDelegate.registerRepositoriesIn[0;39m - Finished Spring Data repository scanning in 41 ms. Found 4 JPA repository interfaces. 
[1;35m04-03 21:20:43[0;39m [[1;33mINFO [0;39m] [36mo.s.b.w.e.t.TomcatWebServer.initialize[0;39m - Tomcat initialized with port 8080 (http) 
[1;35m04-03 21:20:43[0;39m [[1;33mINFO [0;39m] [36mo.a.c.h.Http11NioProtocol.log[0;39m - Initializing ProtocolHandler ["http-nio-8080"] 
[1;35m04-03 21:20:43[0;39m [[1;33mINFO [0;39m] [36mo.a.c.c.StandardService.log[0;39m - Starting service [Tomcat] 
[1;35m04-03 21:20:43[0;39m [[1;33mINFO [0;39m] [36mo.a.c.c.StandardEngine.log[0;39m - Starting Servlet engine: [Apache Tomcat/10.1.19] 
[1;35m04-03 21:20:44[0;39m [[1;33mINFO [0;39m] [36mo.a.c.c.C.[.[.[/].log[0;39m - Initializing Spring embedded WebApplicationContext 
[1;35m04-03 21:20:44[0;39m [[1;33mINFO [0;39m] [36mo.s.b.w.s.c.ServletWebServerApplicationContext.prepareWebApplicationContext[0;39m - Root WebApplicationContext: initialization completed in 976 ms 
[1;35m04-03 21:20:44[0;39m [[1;33mINFO [0;39m] [36mo.h.j.i.u.LogHelper.logPersistenceUnitInformation[0;39m - HHH000204: Processing PersistenceUnitInfo [name: default] 
[1;35m04-03 21:20:44[0;39m [[1;33mINFO [0;39m] [36mo.h.Version.logVersion[0;39m - HHH000412: Hibernate ORM core version 6.4.4.Final 
[1;35m04-03 21:20:44[0;39m [[1;33mINFO [0;39m] [36mo.h.c.i.RegionFactoryInitiator.initiateService[0;39m - HHH000026: Second-level cache disabled 
[1;35m04-03 21:20:44[0;39m [[1;33mINFO [0;39m] [36mo.s.o.j.p.SpringPersistenceUnitInfo.addTransformer[0;39m - No LoadTimeWeaver setup: ignoring JPA class transformer 
[1;35m04-03 21:20:44[0;39m [[1;33mINFO [0;39m] [36mc.z.h.HikariDataSource.getConnection[0;39m - HikariPool-1 - Starting... 
[1;35m04-03 21:20:44[0;39m [[1;33mINFO [0;39m] [36mc.z.h.p.HikariPool.checkFailFast[0;39m - HikariPool-1 - Added connection com.mysql.cj.jdbc.ConnectionImpl@42ff9a77 
[1;35m04-03 21:20:44[0;39m [[1;33mINFO [0;39m] [36mc.z.h.HikariDataSource.getConnection[0;39m - HikariPool-1 - Start completed. 
[1;35m04-03 21:20:45[0;39m [[1;33mINFO [0;39m] [36mo.h.e.t.j.p.i.JtaPlatformInitiator.initiateService[0;39m - HHH000489: No JTA platform available (set 'hibernate.transaction.jta.platform' to enable JTA platform integration) 
[1;35m04-03 21:20:45[0;39m [[1;33mINFO [0;39m] [36mo.s.o.j.LocalContainerEntityManagerFactoryBean.buildNativeEntityManagerFactory[0;39m - Initialized JPA EntityManagerFactory for persistence unit 'default' 
[1;35m04-03 21:20:46[0;39m [[1;33mWARN [0;39m] [36mo.s.b.a.o.j.JpaBaseConfiguration$JpaWebConfiguration.openEntityManagerInViewInterceptor[0;39m - spring.jpa.open-in-view is enabled by default. Therefore, database queries may be performed during view rendering. Explicitly configure spring.jpa.open-in-view to disable this warning 
[1;35m04-03 21:20:46[0;39m [[1;33mINFO [0;39m] [36mo.a.c.h.Http11NioProtocol.log[0;39m - Starting ProtocolHandler ["http-nio-8080"] 
[1;35m04-03 21:20:46[0;39m [[1;33mINFO [0;39m] [36mo.s.b.w.e.t.TomcatWebServer.start[0;39m - Tomcat started on port 8080 (http) with context path '' 
[1;35m04-03 21:20:46[0;39m [[1;33mINFO [0;39m] [36mc.e.a.AirbnbBackEndApplication.logStarted[0;39m - Started AirbnbBackEndApplication in 3.974 seconds (process running for 4.602) 
[1;35m04-03 21:21:02[0;39m [[1;33mINFO [0;39m] [36mo.a.c.c.C.[.[.[/].log[0;39m - Initializing Spring DispatcherServlet 'dispatcherServlet' 
[1;35m04-03 21:21:02[0;39m [[1;33mINFO [0;39m] [36mo.s.w.s.DispatcherServlet.initServletBean[0;39m - Initializing Servlet 'dispatcherServlet' 
[1;35m04-03 21:21:02[0;39m [[1;33mINFO [0;39m] [36mo.s.w.s.DispatcherServlet.initServletBean[0;39m - Completed initialization in 1 ms 
[1;35m04-03 21:21:02[0;39m [[1;33mERROR[0;39m] [36mc.e.a.c.HomeController.getEachRoomItems[0;39m - 카테고리Id: 100에 맞는 방을 찾을 수 없습니다. 
[1;35m04-03 21:21:02[0;39m [[1;33mERROR[0;39m] [36mc.e.a.c.e.CustomExceptionHandler.handleNotFoundException[0;39m - Advice 내 HandleException 호출, /api/home/100, 카테고리Id: 100에 맞는 방을 찾을 수 없습니다. 
[1;35m04-03 21:21:30[0;39m [[1;33mINFO [0;39m] [36mo.s.o.j.LocalContainerEntityManagerFactoryBean.destroy[0;39m - Closing JPA EntityManagerFactory for persistence unit 'default' 
[1;35m04-03 21:21:30[0;39m [[1;33mINFO [0;39m] [36mc.z.h.HikariDataSource.close[0;39m - HikariPool-1 - Shutdown initiated... 
[1;35m04-03 21:21:30[0;39m [[1;33mINFO [0;39m] [36mc.z.h.HikariDataSource.close[0;39m - HikariPool-1 - Shutdown completed. 
[1;35m04-03 21:21:33[0;39m [[1;33mINFO [0;39m] [36mc.e.a.AirbnbBackEndApplication.logStarting[0;39m - Starting AirbnbBackEndApplication using Java 17.0.9 with PID 25328 (C:\airbnb-back-end\build\classes\java\main started by rkdxh in C:\airbnb-back-end) 
[1;35m04-03 21:21:33[0;39m [[1;33mINFO [0;39m] [36mc.e.a.AirbnbBackEndApplication.logStartupProfileInfo[0;39m - No active profile set, falling back to 1 default profile: "default" 
[1;35m04-03 21:21:34[0;39m [[1;33mINFO [0;39m] [36mo.s.d.r.c.RepositoryConfigurationDelegate.registerRepositoriesIn[0;39m - Bootstrapping Spring Data JPA repositories in DEFAULT mode. 
[1;35m04-03 21:21:34[0;39m [[1;33mINFO [0;39m] [36mo.s.d.r.c.RepositoryConfigurationDelegate.registerRepositoriesIn[0;39m - Finished Spring Data repository scanning in 41 ms. Found 4 JPA repository interfaces. 
[1;35m04-03 21:21:34[0;39m [[1;33mINFO [0;39m] [36mo.s.b.w.e.t.TomcatWebServer.initialize[0;39m - Tomcat initialized with port 8080 (http) 
[1;35m04-03 21:21:34[0;39m [[1;33mINFO [0;39m] [36mo.a.c.h.Http11NioProtocol.log[0;39m - Initializing ProtocolHandler ["http-nio-8080"] 
[1;35m04-03 21:21:34[0;39m [[1;33mINFO [0;39m] [36mo.a.c.c.StandardService.log[0;39m - Starting service [Tomcat] 
[1;35m04-03 21:21:34[0;39m [[1;33mINFO [0;39m] [36mo.a.c.c.StandardEngine.log[0;39m - Starting Servlet engine: [Apache Tomcat/10.1.19] 
[1;35m04-03 21:21:34[0;39m [[1;33mINFO [0;39m] [36mo.a.c.c.C.[.[.[/].log[0;39m - Initializing Spring embedded WebApplicationContext 
[1;35m04-03 21:21:34[0;39m [[1;33mINFO [0;39m] [36mo.s.b.w.s.c.ServletWebServerApplicationContext.prepareWebApplicationContext[0;39m - Root WebApplicationContext: initialization completed in 952 ms 
[1;35m04-03 21:21:34[0;39m [[1;33mINFO [0;39m] [36mo.h.j.i.u.LogHelper.logPersistenceUnitInformation[0;39m - HHH000204: Processing PersistenceUnitInfo [name: default] 
[1;35m04-03 21:21:34[0;39m [[1;33mINFO [0;39m] [36mo.h.Version.logVersion[0;39m - HHH000412: Hibernate ORM core version 6.4.4.Final 
[1;35m04-03 21:21:34[0;39m [[1;33mINFO [0;39m] [36mo.h.c.i.RegionFactoryInitiator.initiateService[0;39m - HHH000026: Second-level cache disabled 
[1;35m04-03 21:21:34[0;39m [[1;33mINFO [0;39m] [36mo.s.o.j.p.SpringPersistenceUnitInfo.addTransformer[0;39m - No LoadTimeWeaver setup: ignoring JPA class transformer 
[1;35m04-03 21:21:35[0;39m [[1;33mINFO [0;39m] [36mc.z.h.HikariDataSource.getConnection[0;39m - HikariPool-1 - Starting... 
[1;35m04-03 21:21:35[0;39m [[1;33mINFO [0;39m] [36mc.z.h.p.HikariPool.checkFailFast[0;39m - HikariPool-1 - Added connection com.mysql.cj.jdbc.ConnectionImpl@11574592 
[1;35m04-03 21:21:35[0;39m [[1;33mINFO [0;39m] [36mc.z.h.HikariDataSource.getConnection[0;39m - HikariPool-1 - Start completed. 
[1;35m04-03 21:21:35[0;39m [[1;33mINFO [0;39m] [36mo.h.e.t.j.p.i.JtaPlatformInitiator.initiateService[0;39m - HHH000489: No JTA platform available (set 'hibernate.transaction.jta.platform' to enable JTA platform integration) 
[1;35m04-03 21:21:36[0;39m [[1;33mINFO [0;39m] [36mo.s.o.j.LocalContainerEntityManagerFactoryBean.buildNativeEntityManagerFactory[0;39m - Initialized JPA EntityManagerFactory for persistence unit 'default' 
[1;35m04-03 21:21:36[0;39m [[1;33mWARN [0;39m] [36mo.s.b.a.o.j.JpaBaseConfiguration$JpaWebConfiguration.openEntityManagerInViewInterceptor[0;39m - spring.jpa.open-in-view is enabled by default. Therefore, database queries may be performed during view rendering. Explicitly configure spring.jpa.open-in-view to disable this warning 
[1;35m04-03 21:21:37[0;39m [[1;33mINFO [0;39m] [36mo.a.c.h.Http11NioProtocol.log[0;39m - Starting ProtocolHandler ["http-nio-8080"] 
[1;35m04-03 21:21:37[0;39m [[1;33mINFO [0;39m] [36mo.s.b.w.e.t.TomcatWebServer.start[0;39m - Tomcat started on port 8080 (http) with context path '' 
[1;35m04-03 21:21:37[0;39m [[1;33mINFO [0;39m] [36mc.e.a.AirbnbBackEndApplication.logStarted[0;39m - Started AirbnbBackEndApplication in 3.926 seconds (process running for 4.42) 
[1;35m04-03 21:22:09[0;39m [[1;33mINFO [0;39m] [36mo.a.c.c.C.[.[.[/].log[0;39m - Initializing Spring DispatcherServlet 'dispatcherServlet' 
[1;35m04-03 21:22:09[0;39m [[1;33mINFO [0;39m] [36mo.s.w.s.DispatcherServlet.initServletBean[0;39m - Initializing Servlet 'dispatcherServlet' 
[1;35m04-03 21:22:09[0;39m [[1;33mINFO [0;39m] [36mo.s.w.s.DispatcherServlet.initServletBean[0;39m - Completed initialization in 1 ms 
[1;35m04-03 21:22:09[0;39m [[1;33mERROR[0;39m] [36mc.e.a.c.HomeController.getEachRoomItems[0;39m - RoomCategory Exception. 카테고리Id: 100에 맞는 방을 찾을 수 없습니다. 
[1;35m04-03 21:22:09[0;39m [[1;33mERROR[0;39m] [36mc.e.a.c.e.CustomExceptionHandler.handleNotFoundException[0;39m - Advice 내 HandleException 호출, /api/home/100, RoomCategory Exception. RoomCategory Exception. 카테고리Id: 100에 맞는 방을 찾을 수 없습니다. 
[1;35m04-03 21:22:09[0;39m [[1;33mERROR[0;39m] [36mc.e.a.c.HomeController.getEachRoomItems[0;39m - RoomCategory Exception. 카테고리Id: 100에 맞는 방을 찾을 수 없습니다. 
[1;35m04-03 21:22:09[0;39m [[1;33mERROR[0;39m] [36mc.e.a.c.e.CustomExceptionHandler.handleNotFoundException[0;39m - Advice 내 HandleException 호출, /api/home/100, RoomCategory Exception. RoomCategory Exception. 카테고리Id: 100에 맞는 방을 찾을 수 없습니다. 
[1;35m04-03 21:23:01[0;39m [[1;33mINFO [0;39m] [36mo.s.o.j.LocalContainerEntityManagerFactoryBean.destroy[0;39m - Closing JPA EntityManagerFactory for persistence unit 'default' 
[1;35m04-03 21:23:01[0;39m [[1;33mINFO [0;39m] [36mc.z.h.HikariDataSource.close[0;39m - HikariPool-1 - Shutdown initiated... 
[1;35m04-03 21:23:01[0;39m [[1;33mINFO [0;39m] [36mc.z.h.HikariDataSource.close[0;39m - HikariPool-1 - Shutdown completed. 
[1;35m04-03 21:23:04[0;39m [[1;33mINFO [0;39m] [36mc.e.a.AirbnbBackEndApplication.logStarting[0;39m - Starting AirbnbBackEndApplication using Java 17.0.9 with PID 18864 (C:\airbnb-back-end\build\classes\java\main started by rkdxh in C:\airbnb-back-end) 
[1;35m04-03 21:23:04[0;39m [[1;33mINFO [0;39m] [36mc.e.a.AirbnbBackEndApplication.logStartupProfileInfo[0;39m - No active profile set, falling back to 1 default profile: "default" 
[1;35m04-03 21:23:05[0;39m [[1;33mINFO [0;39m] [36mo.s.d.r.c.RepositoryConfigurationDelegate.registerRepositoriesIn[0;39m - Bootstrapping Spring Data JPA repositories in DEFAULT mode. 
[1;35m04-03 21:23:05[0;39m [[1;33mINFO [0;39m] [36mo.s.d.r.c.RepositoryConfigurationDelegate.registerRepositoriesIn[0;39m - Finished Spring Data repository scanning in 43 ms. Found 4 JPA repository interfaces. 
[1;35m04-03 21:23:05[0;39m [[1;33mINFO [0;39m] [36mo.s.b.w.e.t.TomcatWebServer.initialize[0;39m - Tomcat initialized with port 8080 (http) 
[1;35m04-03 21:23:05[0;39m [[1;33mINFO [0;39m] [36mo.a.c.h.Http11NioProtocol.log[0;39m - Initializing ProtocolHandler ["http-nio-8080"] 
[1;35m04-03 21:23:05[0;39m [[1;33mINFO [0;39m] [36mo.a.c.c.StandardService.log[0;39m - Starting service [Tomcat] 
[1;35m04-03 21:23:05[0;39m [[1;33mINFO [0;39m] [36mo.a.c.c.StandardEngine.log[0;39m - Starting Servlet engine: [Apache Tomcat/10.1.19] 
[1;35m04-03 21:23:05[0;39m [[1;33mINFO [0;39m] [36mo.a.c.c.C.[.[.[/].log[0;39m - Initializing Spring embedded WebApplicationContext 
[1;35m04-03 21:23:05[0;39m [[1;33mINFO [0;39m] [36mo.s.b.w.s.c.ServletWebServerApplicationContext.prepareWebApplicationContext[0;39m - Root WebApplicationContext: initialization completed in 982 ms 
[1;35m04-03 21:23:05[0;39m [[1;33mINFO [0;39m] [36mo.h.j.i.u.LogHelper.logPersistenceUnitInformation[0;39m - HHH000204: Processing PersistenceUnitInfo [name: default] 
[1;35m04-03 21:23:05[0;39m [[1;33mINFO [0;39m] [36mo.h.Version.logVersion[0;39m - HHH000412: Hibernate ORM core version 6.4.4.Final 
[1;35m04-03 21:23:05[0;39m [[1;33mINFO [0;39m] [36mo.h.c.i.RegionFactoryInitiator.initiateService[0;39m - HHH000026: Second-level cache disabled 
[1;35m04-03 21:23:05[0;39m [[1;33mINFO [0;39m] [36mo.s.o.j.p.SpringPersistenceUnitInfo.addTransformer[0;39m - No LoadTimeWeaver setup: ignoring JPA class transformer 
[1;35m04-03 21:23:05[0;39m [[1;33mINFO [0;39m] [36mc.z.h.HikariDataSource.getConnection[0;39m - HikariPool-1 - Starting... 
[1;35m04-03 21:23:06[0;39m [[1;33mINFO [0;39m] [36mc.z.h.p.HikariPool.checkFailFast[0;39m - HikariPool-1 - Added connection com.mysql.cj.jdbc.ConnectionImpl@315b5913 
[1;35m04-03 21:23:06[0;39m [[1;33mINFO [0;39m] [36mc.z.h.HikariDataSource.getConnection[0;39m - HikariPool-1 - Start completed. 
[1;35m04-03 21:23:06[0;39m [[1;33mINFO [0;39m] [36mo.h.e.t.j.p.i.JtaPlatformInitiator.initiateService[0;39m - HHH000489: No JTA platform available (set 'hibernate.transaction.jta.platform' to enable JTA platform integration) 
[1;35m04-03 21:23:07[0;39m [[1;33mINFO [0;39m] [36mo.s.o.j.LocalContainerEntityManagerFactoryBean.buildNativeEntityManagerFactory[0;39m - Initialized JPA EntityManagerFactory for persistence unit 'default' 
[1;35m04-03 21:23:08[0;39m [[1;33mWARN [0;39m] [36mo.s.b.a.o.j.JpaBaseConfiguration$JpaWebConfiguration.openEntityManagerInViewInterceptor[0;39m - spring.jpa.open-in-view is enabled by default. Therefore, database queries may be performed during view rendering. Explicitly configure spring.jpa.open-in-view to disable this warning 
[1;35m04-03 21:23:08[0;39m [[1;33mINFO [0;39m] [36mo.a.c.h.Http11NioProtocol.log[0;39m - Starting ProtocolHandler ["http-nio-8080"] 
[1;35m04-03 21:23:08[0;39m [[1;33mINFO [0;39m] [36mo.s.b.w.e.t.TomcatWebServer.start[0;39m - Tomcat started on port 8080 (http) with context path '' 
[1;35m04-03 21:23:08[0;39m [[1;33mINFO [0;39m] [36mc.e.a.AirbnbBackEndApplication.logStarted[0;39m - Started AirbnbBackEndApplication in 4.173 seconds (process running for 4.755) 
[1;35m04-03 21:23:17[0;39m [[1;33mINFO [0;39m] [36mo.a.c.c.C.[.[.[/].log[0;39m - Initializing Spring DispatcherServlet 'dispatcherServlet' 
[1;35m04-03 21:23:17[0;39m [[1;33mINFO [0;39m] [36mo.s.w.s.DispatcherServlet.initServletBean[0;39m - Initializing Servlet 'dispatcherServlet' 
[1;35m04-03 21:23:17[0;39m [[1;33mINFO [0;39m] [36mo.s.w.s.DispatcherServlet.initServletBean[0;39m - Completed initialization in 1 ms 
[1;35m04-03 21:23:18[0;39m [[1;33mERROR[0;39m] [36mc.e.a.c.HomeController.getEachRoomItems[0;39m - RoomCategory Domain Exception. 카테고리Id: 100에 맞는 방을 찾을 수 없습니다. 
[1;35m04-03 21:23:18[0;39m [[1;33mERROR[0;39m] [36mc.e.a.c.e.CustomExceptionHandler.handleNotFoundException[0;39m - Advice 내 HandleException 호출, /api/home/100, RoomCategory Domain Exception. RoomCategory Domain Exception. 카테고리Id: 100에 맞는 방을 찾을 수 없습니다. 
[1;35m04-03 21:25:50[0;39m [[1;33mINFO [0;39m] [36mo.s.o.j.LocalContainerEntityManagerFactoryBean.destroy[0;39m - Closing JPA EntityManagerFactory for persistence unit 'default' 
[1;35m04-03 21:25:50[0;39m [[1;33mINFO [0;39m] [36mc.z.h.HikariDataSource.close[0;39m - HikariPool-1 - Shutdown initiated... 
[1;35m04-03 21:25:50[0;39m [[1;33mINFO [0;39m] [36mc.z.h.HikariDataSource.close[0;39m - HikariPool-1 - Shutdown completed. 
[1;35m04-03 21:25:54[0;39m [[1;33mINFO [0;39m] [36mc.e.a.AirbnbBackEndApplication.logStarting[0;39m - Starting AirbnbBackEndApplication using Java 17.0.9 with PID 19668 (C:\airbnb-back-end\build\classes\java\main started by rkdxh in C:\airbnb-back-end) 
[1;35m04-03 21:25:54[0;39m [[1;33mINFO [0;39m] [36mc.e.a.AirbnbBackEndApplication.logStartupProfileInfo[0;39m - No active profile set, falling back to 1 default profile: "default" 
[1;35m04-03 21:25:54[0;39m [[1;33mINFO [0;39m] [36mo.s.d.r.c.RepositoryConfigurationDelegate.registerRepositoriesIn[0;39m - Bootstrapping Spring Data JPA repositories in DEFAULT mode. 
[1;35m04-03 21:25:54[0;39m [[1;33mINFO [0;39m] [36mo.s.d.r.c.RepositoryConfigurationDelegate.registerRepositoriesIn[0;39m - Finished Spring Data repository scanning in 43 ms. Found 4 JPA repository interfaces. 
[1;35m04-03 21:25:55[0;39m [[1;33mINFO [0;39m] [36mo.s.b.w.e.t.TomcatWebServer.initialize[0;39m - Tomcat initialized with port 8080 (http) 
[1;35m04-03 21:25:55[0;39m [[1;33mINFO [0;39m] [36mo.a.c.h.Http11NioProtocol.log[0;39m - Initializing ProtocolHandler ["http-nio-8080"] 
[1;35m04-03 21:25:55[0;39m [[1;33mINFO [0;39m] [36mo.a.c.c.StandardService.log[0;39m - Starting service [Tomcat] 
[1;35m04-03 21:25:55[0;39m [[1;33mINFO [0;39m] [36mo.a.c.c.StandardEngine.log[0;39m - Starting Servlet engine: [Apache Tomcat/10.1.19] 
[1;35m04-03 21:25:55[0;39m [[1;33mINFO [0;39m] [36mo.a.c.c.C.[.[.[/].log[0;39m - Initializing Spring embedded WebApplicationContext 
[1;35m04-03 21:25:55[0;39m [[1;33mINFO [0;39m] [36mo.s.b.w.s.c.ServletWebServerApplicationContext.prepareWebApplicationContext[0;39m - Root WebApplicationContext: initialization completed in 956 ms 
[1;35m04-03 21:25:55[0;39m [[1;33mINFO [0;39m] [36mo.h.j.i.u.LogHelper.logPersistenceUnitInformation[0;39m - HHH000204: Processing PersistenceUnitInfo [name: default] 
[1;35m04-03 21:25:55[0;39m [[1;33mINFO [0;39m] [36mo.h.Version.logVersion[0;39m - HHH000412: Hibernate ORM core version 6.4.4.Final 
[1;35m04-03 21:25:55[0;39m [[1;33mINFO [0;39m] [36mo.h.c.i.RegionFactoryInitiator.initiateService[0;39m - HHH000026: Second-level cache disabled 
[1;35m04-03 21:25:55[0;39m [[1;33mINFO [0;39m] [36mo.s.o.j.p.SpringPersistenceUnitInfo.addTransformer[0;39m - No LoadTimeWeaver setup: ignoring JPA class transformer 
[1;35m04-03 21:25:55[0;39m [[1;33mINFO [0;39m] [36mc.z.h.HikariDataSource.getConnection[0;39m - HikariPool-1 - Starting... 
[1;35m04-03 21:25:55[0;39m [[1;33mINFO [0;39m] [36mc.z.h.p.HikariPool.checkFailFast[0;39m - HikariPool-1 - Added connection com.mysql.cj.jdbc.ConnectionImpl@42ff9a77 
[1;35m04-03 21:25:55[0;39m [[1;33mINFO [0;39m] [36mc.z.h.HikariDataSource.getConnection[0;39m - HikariPool-1 - Start completed. 
[1;35m04-03 21:25:56[0;39m [[1;33mINFO [0;39m] [36mo.h.e.t.j.p.i.JtaPlatformInitiator.initiateService[0;39m - HHH000489: No JTA platform available (set 'hibernate.transaction.jta.platform' to enable JTA platform integration) 
[1;35m04-03 21:25:57[0;39m [[1;33mINFO [0;39m] [36mo.s.o.j.LocalContainerEntityManagerFactoryBean.buildNativeEntityManagerFactory[0;39m - Initialized JPA EntityManagerFactory for persistence unit 'default' 
[1;35m04-03 21:25:57[0;39m [[1;33mWARN [0;39m] [36mo.s.b.a.o.j.JpaBaseConfiguration$JpaWebConfiguration.openEntityManagerInViewInterceptor[0;39m - spring.jpa.open-in-view is enabled by default. Therefore, database queries may be performed during view rendering. Explicitly configure spring.jpa.open-in-view to disable this warning 
[1;35m04-03 21:25:57[0;39m [[1;33mINFO [0;39m] [36mo.a.c.h.Http11NioProtocol.log[0;39m - Starting ProtocolHandler ["http-nio-8080"] 
[1;35m04-03 21:25:57[0;39m [[1;33mINFO [0;39m] [36mo.s.b.w.e.t.TomcatWebServer.start[0;39m - Tomcat started on port 8080 (http) with context path '' 
[1;35m04-03 21:25:57[0;39m [[1;33mINFO [0;39m] [36mc.e.a.AirbnbBackEndApplication.logStarted[0;39m - Started AirbnbBackEndApplication in 3.972 seconds (process running for 4.433) 
[1;35m04-03 21:26:12[0;39m [[1;33mINFO [0;39m] [36mo.a.c.c.C.[.[.[/].log[0;39m - Initializing Spring DispatcherServlet 'dispatcherServlet' 
[1;35m04-03 21:26:12[0;39m [[1;33mINFO [0;39m] [36mo.s.w.s.DispatcherServlet.initServletBean[0;39m - Initializing Servlet 'dispatcherServlet' 
[1;35m04-03 21:26:12[0;39m [[1;33mINFO [0;39m] [36mo.s.w.s.DispatcherServlet.initServletBean[0;39m - Completed initialization in 1 ms 
[1;35m04-03 21:26:12[0;39m [[1;33mERROR[0;39m] [36mc.e.a.c.HomeController.getEachRoomItems[0;39m - 카테고리Id: 100에 맞는 방을 찾을 수 없습니다. 
[1;35m04-03 21:26:12[0;39m [[1;33mERROR[0;39m] [36mc.e.a.c.e.CustomExceptionHandler.handleNotFoundException[0;39m - Advice 내 HandleException 호출, /api/home/100, RoomCategory Domain Exception. 카테고리Id: 100에 맞는 방을 찾을 수 없습니다. 
[1;35m04-03 21:26:21[0;39m [[1;33mINFO [0;39m] [36mo.s.o.j.LocalContainerEntityManagerFactoryBean.destroy[0;39m - Closing JPA EntityManagerFactory for persistence unit 'default' 
[1;35m04-03 21:26:21[0;39m [[1;33mINFO [0;39m] [36mc.z.h.HikariDataSource.close[0;39m - HikariPool-1 - Shutdown initiated... 
[1;35m04-03 21:26:21[0;39m [[1;33mINFO [0;39m] [36mc.z.h.HikariDataSource.close[0;39m - HikariPool-1 - Shutdown completed. 
